{"/home/user/Personal/Projects/tartanhacks-backend/src/controllers/AuthController.ts": {"path":"/home/user/Personal/Projects/tartanhacks-backend/src/controllers/AuthController.ts","statementMap":{"0":{"start":{"line":5,"column":0},"end":{"line":5,"column":34}},"1":{"start":{"line":6,"column":0},"end":{"line":6,"column":43}},"2":{"start":{"line":7,"column":0},"end":{"line":7,"column":46}},"3":{"start":{"line":8,"column":0},"end":{"line":8,"column":58}},"4":{"start":{"line":13,"column":24},"end":{"line":41,"column":2}},"5":{"start":{"line":13,"column":77},"end":{"line":41,"column":2}},"6":{"start":{"line":14,"column":30},"end":{"line":14,"column":38}},"7":{"start":{"line":16,"column":27},"end":{"line":16,"column":53}},"8":{"start":{"line":17,"column":2},"end":{"line":19,"column":null}},"9":{"start":{"line":18,"column":4},"end":{"line":18,"column":47}},"10":{"start":{"line":21,"column":2},"end":{"line":23,"column":null}},"11":{"start":{"line":22,"column":4},"end":{"line":22,"column":62}},"12":{"start":{"line":25,"column":23},"end":{"line":25,"column":52}},"13":{"start":{"line":26,"column":2},"end":{"line":28,"column":null}},"14":{"start":{"line":27,"column":4},"end":{"line":27,"column":66}},"15":{"start":{"line":30,"column":15},"end":{"line":30,"column":42}},"16":{"start":{"line":31,"column":15},"end":{"line":31,"column":50}},"17":{"start":{"line":32,"column":2},"end":{"line":32,"column":20}},"18":{"start":{"line":34,"column":16},"end":{"line":34,"column":46}},"19":{"start":{"line":35,"column":15},"end":{"line":35,"column":28}},"20":{"start":{"line":36,"column":2},"end":{"line":36,"column":23}},"21":{"start":{"line":37,"column":2},"end":{"line":40,"column":5}},"22":{"start":{"line":13,"column":13},"end":{"line":13,"column":24}},"23":{"start":{"line":46,"column":21},"end":{"line":91,"column":2}},"24":{"start":{"line":46,"column":74},"end":{"line":91,"column":2}},"25":{"start":{"line":47,"column":16},"end":{"line":47,"column":55}},"26":{"start":{"line":48,"column":30},"end":{"line":48,"column":38}},"27":{"start":{"line":50,"column":2},"end":{"line":90,"column":null}},"28":{"start":{"line":52,"column":4},"end":{"line":65,"column":null}},"29":{"start":{"line":53,"column":19},"end":{"line":53,"column":42}},"30":{"start":{"line":54,"column":6},"end":{"line":56,"column":null}},"31":{"start":{"line":55,"column":8},"end":{"line":55,"column":43}},"32":{"start":{"line":57,"column":19},"end":{"line":57,"column":32}},"33":{"start":{"line":58,"column":6},"end":{"line":58,"column":27}},"34":{"start":{"line":59,"column":6},"end":{"line":62,"column":9}},"35":{"start":{"line":64,"column":6},"end":{"line":64,"column":22}},"36":{"start":{"line":68,"column":4},"end":{"line":89,"column":null}},"37":{"start":{"line":69,"column":6},"end":{"line":69,"column":44}},"38":{"start":{"line":71,"column":6},"end":{"line":88,"column":null}},"39":{"start":{"line":72,"column":21},"end":{"line":72,"column":50}},"40":{"start":{"line":73,"column":8},"end":{"line":85,"column":null}},"41":{"start":{"line":74,"column":10},"end":{"line":74,"column":45}},"42":{"start":{"line":76,"column":10},"end":{"line":84,"column":null}},"43":{"start":{"line":77,"column":12},"end":{"line":77,"column":50}},"44":{"start":{"line":80,"column":26},"end":{"line":80,"column":50}},"45":{"start":{"line":81,"column":25},"end":{"line":81,"column":38}},"46":{"start":{"line":82,"column":12},"end":{"line":82,"column":33}},"47":{"start":{"line":83,"column":12},"end":{"line":83,"column":41}},"48":{"start":{"line":87,"column":8},"end":{"line":87,"column":24}},"49":{"start":{"line":46,"column":13},"end":{"line":46,"column":21}}},"fnMap":{"0":{"name":"(anonymous_8)","decl":{"start":{"line":13,"column":24},"end":{"line":13,"column":31}},"loc":{"start":{"line":13,"column":77},"end":{"line":41,"column":2}}},"1":{"name":"(anonymous_9)","decl":{"start":{"line":13,"column":77},"end":{"line":13,"column":null}},"loc":{"start":{"line":13,"column":77},"end":{"line":41,"column":1}}},"2":{"name":"(anonymous_10)","decl":{"start":{"line":46,"column":21},"end":{"line":46,"column":28}},"loc":{"start":{"line":46,"column":74},"end":{"line":91,"column":2}}},"3":{"name":"(anonymous_11)","decl":{"start":{"line":46,"column":74},"end":{"line":46,"column":null}},"loc":{"start":{"line":46,"column":74},"end":{"line":91,"column":1}}}},"branchMap":{"0":{"loc":{"start":{"line":17,"column":2},"end":{"line":19,"column":null}},"type":"if","locations":[{"start":{"line":17,"column":2},"end":{"line":19,"column":null}},{"start":{"line":17,"column":2},"end":{"line":19,"column":null}}]},"1":{"loc":{"start":{"line":21,"column":2},"end":{"line":23,"column":null}},"type":"if","locations":[{"start":{"line":21,"column":2},"end":{"line":23,"column":null}},{"start":{"line":21,"column":2},"end":{"line":23,"column":null}}]},"2":{"loc":{"start":{"line":21,"column":6},"end":{"line":21,"column":15}},"type":"binary-expr","locations":[{"start":{"line":21,"column":6},"end":{"line":21,"column":15}},{"start":{"line":21,"column":19},"end":{"line":21,"column":38}}]},"3":{"loc":{"start":{"line":26,"column":2},"end":{"line":28,"column":null}},"type":"if","locations":[{"start":{"line":26,"column":2},"end":{"line":28,"column":null}},{"start":{"line":26,"column":2},"end":{"line":28,"column":null}}]},"4":{"loc":{"start":{"line":50,"column":2},"end":{"line":90,"column":null}},"type":"if","locations":[{"start":{"line":50,"column":2},"end":{"line":90,"column":null}},{"start":{"line":50,"column":2},"end":{"line":90,"column":null}}]},"5":{"loc":{"start":{"line":54,"column":6},"end":{"line":56,"column":null}},"type":"if","locations":[{"start":{"line":54,"column":6},"end":{"line":56,"column":null}},{"start":{"line":54,"column":6},"end":{"line":56,"column":null}}]},"6":{"loc":{"start":{"line":68,"column":4},"end":{"line":89,"column":null}},"type":"if","locations":[{"start":{"line":68,"column":4},"end":{"line":89,"column":null}},{"start":{"line":68,"column":4},"end":{"line":89,"column":null}}]},"7":{"loc":{"start":{"line":68,"column":8},"end":{"line":68,"column":14}},"type":"binary-expr","locations":[{"start":{"line":68,"column":8},"end":{"line":68,"column":14}},{"start":{"line":68,"column":18},"end":{"line":68,"column":27}}]},"8":{"loc":{"start":{"line":73,"column":8},"end":{"line":85,"column":null}},"type":"if","locations":[{"start":{"line":73,"column":8},"end":{"line":85,"column":null}},{"start":{"line":73,"column":8},"end":{"line":85,"column":null}}]},"9":{"loc":{"start":{"line":76,"column":10},"end":{"line":84,"column":null}},"type":"if","locations":[{"start":{"line":76,"column":10},"end":{"line":84,"column":null}},{"start":{"line":76,"column":10},"end":{"line":84,"column":null}}]}},"s":{"0":4,"1":4,"2":4,"3":4,"4":4,"5":5,"6":5,"7":5,"8":5,"9":0,"10":5,"11":0,"12":5,"13":5,"14":1,"15":4,"16":4,"17":4,"18":4,"19":4,"20":4,"21":4,"22":4,"23":4,"24":2,"25":2,"26":2,"27":2,"28":1,"29":1,"30":1,"31":0,"32":1,"33":1,"34":1,"35":0,"36":1,"37":0,"38":1,"39":1,"40":1,"41":0,"42":1,"43":0,"44":1,"45":1,"46":1,"47":1,"48":0,"49":4},"f":{"0":5,"1":5,"2":2,"3":2},"b":{"0":[0,5],"1":[0,5],"2":[5,5],"3":[1,4],"4":[1,1],"5":[0,1],"6":[0,1],"7":[1,1],"8":[0,1],"9":[0,1]}}
,"/home/user/Personal/Projects/tartanhacks-backend/src/controllers/SettingsController.ts": {"path":"/home/user/Personal/Projects/tartanhacks-backend/src/controllers/SettingsController.ts","statementMap":{"0":{"start":{"line":5,"column":0},"end":{"line":5,"column":42}},"1":{"start":{"line":6,"column":0},"end":{"line":6,"column":49}},"2":{"start":{"line":12,"column":30},"end":{"line":20,"column":2}},"3":{"start":{"line":12,"column":74},"end":{"line":20,"column":2}},"4":{"start":{"line":13,"column":2},"end":{"line":19,"column":4}},"5":{"start":{"line":12,"column":13},"end":{"line":12,"column":30}},"6":{"start":{"line":25,"column":27},"end":{"line":27,"column":2}},"7":{"start":{"line":25,"column":58},"end":{"line":27,"column":2}},"8":{"start":{"line":26,"column":2},"end":{"line":26,"column":36}},"9":{"start":{"line":25,"column":13},"end":{"line":25,"column":27}},"10":{"start":{"line":32,"column":34},"end":{"line":39,"column":2}},"11":{"start":{"line":32,"column":63},"end":{"line":39,"column":2}},"12":{"start":{"line":33,"column":19},"end":{"line":33,"column":38}},"13":{"start":{"line":34,"column":34},"end":{"line":34,"column":42}},"14":{"start":{"line":35,"column":20},"end":{"line":35,"column":40}},"15":{"start":{"line":36,"column":15},"end":{"line":36,"column":53}},"16":{"start":{"line":37,"column":17},"end":{"line":37,"column":56}},"17":{"start":{"line":38,"column":2},"end":{"line":38,"column":25}},"18":{"start":{"line":32,"column":13},"end":{"line":32,"column":34}},"19":{"start":{"line":44,"column":34},"end":{"line":51,"column":2}},"20":{"start":{"line":44,"column":63},"end":{"line":51,"column":2}},"21":{"start":{"line":45,"column":19},"end":{"line":45,"column":38}},"22":{"start":{"line":46,"column":36},"end":{"line":46,"column":44}},"23":{"start":{"line":47,"column":20},"end":{"line":47,"column":40}},"24":{"start":{"line":48,"column":15},"end":{"line":48,"column":53}},"25":{"start":{"line":49,"column":17},"end":{"line":49,"column":60}},"26":{"start":{"line":50,"column":2},"end":{"line":50,"column":25}},"27":{"start":{"line":44,"column":13},"end":{"line":44,"column":34}},"28":{"start":{"line":57,"column":31},"end":{"line":77,"column":2}},"29":{"start":{"line":57,"column":62},"end":{"line":77,"column":2}},"30":{"start":{"line":58,"column":19},"end":{"line":58,"column":38}},"31":{"start":{"line":59,"column":2},"end":{"line":61,"column":null}},"32":{"start":{"line":60,"column":4},"end":{"line":60,"column":20}},"33":{"start":{"line":66,"column":6},"end":{"line":66,"column":8}},"34":{"start":{"line":67,"column":2},"end":{"line":71,"column":null}},"35":{"start":{"line":68,"column":16},"end":{"line":68,"column":34}},"36":{"start":{"line":69,"column":23},"end":{"line":69,"column":31}},"37":{"start":{"line":70,"column":4},"end":{"line":70,"column":42}},"38":{"start":{"line":74,"column":22},"end":{"line":74,"column":49}},"39":{"start":{"line":75,"column":2},"end":{"line":75,"column":27}},"40":{"start":{"line":76,"column":2},"end":{"line":76,"column":21}},"41":{"start":{"line":57,"column":13},"end":{"line":57,"column":31}}},"fnMap":{"0":{"name":"(anonymous_8)","decl":{"start":{"line":12,"column":30},"end":{"line":12,"column":37}},"loc":{"start":{"line":12,"column":74},"end":{"line":20,"column":2}}},"1":{"name":"(anonymous_9)","decl":{"start":{"line":12,"column":74},"end":{"line":12,"column":null}},"loc":{"start":{"line":12,"column":74},"end":{"line":20,"column":1}}},"2":{"name":"(anonymous_10)","decl":{"start":{"line":25,"column":27},"end":{"line":25,"column":56}},"loc":{"start":{"line":25,"column":58},"end":{"line":27,"column":2}}},"3":{"name":"(anonymous_11)","decl":{"start":{"line":25,"column":58},"end":{"line":25,"column":null}},"loc":{"start":{"line":25,"column":58},"end":{"line":27,"column":1}}},"4":{"name":"(anonymous_12)","decl":{"start":{"line":32,"column":34},"end":{"line":32,"column":61}},"loc":{"start":{"line":32,"column":63},"end":{"line":39,"column":2}}},"5":{"name":"(anonymous_13)","decl":{"start":{"line":32,"column":63},"end":{"line":32,"column":null}},"loc":{"start":{"line":32,"column":63},"end":{"line":39,"column":1}}},"6":{"name":"(anonymous_14)","decl":{"start":{"line":44,"column":34},"end":{"line":44,"column":61}},"loc":{"start":{"line":44,"column":63},"end":{"line":51,"column":2}}},"7":{"name":"(anonymous_15)","decl":{"start":{"line":44,"column":63},"end":{"line":44,"column":null}},"loc":{"start":{"line":44,"column":63},"end":{"line":51,"column":1}}},"8":{"name":"(anonymous_16)","decl":{"start":{"line":57,"column":31},"end":{"line":57,"column":60}},"loc":{"start":{"line":57,"column":62},"end":{"line":77,"column":2}}},"9":{"name":"(anonymous_17)","decl":{"start":{"line":57,"column":62},"end":{"line":57,"column":null}},"loc":{"start":{"line":57,"column":62},"end":{"line":77,"column":1}}}},"branchMap":{"0":{"loc":{"start":{"line":36,"column":15},"end":{"line":36,"column":36}},"type":"binary-expr","locations":[{"start":{"line":36,"column":15},"end":{"line":36,"column":36}},{"start":{"line":36,"column":40},"end":{"line":36,"column":53}}]},"1":{"loc":{"start":{"line":37,"column":17},"end":{"line":37,"column":38}},"type":"binary-expr","locations":[{"start":{"line":37,"column":17},"end":{"line":37,"column":38}},{"start":{"line":37,"column":42},"end":{"line":37,"column":56}}]},"2":{"loc":{"start":{"line":38,"column":9},"end":{"line":38,"column":13}},"type":"binary-expr","locations":[{"start":{"line":38,"column":9},"end":{"line":38,"column":13}},{"start":{"line":38,"column":17},"end":{"line":38,"column":24}}]},"3":{"loc":{"start":{"line":48,"column":15},"end":{"line":48,"column":36}},"type":"binary-expr","locations":[{"start":{"line":48,"column":15},"end":{"line":48,"column":36}},{"start":{"line":48,"column":40},"end":{"line":48,"column":53}}]},"4":{"loc":{"start":{"line":49,"column":17},"end":{"line":49,"column":40}},"type":"binary-expr","locations":[{"start":{"line":49,"column":17},"end":{"line":49,"column":40}},{"start":{"line":49,"column":44},"end":{"line":49,"column":60}}]},"5":{"loc":{"start":{"line":50,"column":9},"end":{"line":50,"column":13}},"type":"binary-expr","locations":[{"start":{"line":50,"column":9},"end":{"line":50,"column":13}},{"start":{"line":50,"column":17},"end":{"line":50,"column":24}}]},"6":{"loc":{"start":{"line":59,"column":2},"end":{"line":61,"column":null}},"type":"if","locations":[{"start":{"line":59,"column":2},"end":{"line":61,"column":null}},{"start":{"line":59,"column":2},"end":{"line":61,"column":null}}]}},"s":{"0":4,"1":4,"2":4,"3":0,"4":0,"5":4,"6":4,"7":10,"8":10,"9":4,"10":4,"11":5,"12":5,"13":5,"14":5,"15":5,"16":5,"17":5,"18":4,"19":4,"20":0,"21":0,"22":0,"23":0,"24":0,"25":0,"26":0,"27":4,"28":4,"29":4,"30":4,"31":4,"32":0,"33":4,"34":4,"35":36,"36":36,"37":36,"38":4,"39":4,"40":4,"41":4},"f":{"0":0,"1":0,"2":10,"3":10,"4":5,"5":5,"6":0,"7":0,"8":4,"9":4},"b":{"0":[5,0],"1":[5,5],"2":[5,5],"3":[0,0],"4":[0,0],"5":[0,0],"6":[0,4]}}
,"/home/user/Personal/Projects/tartanhacks-backend/src/controllers/UserController.ts": {"path":"/home/user/Personal/Projects/tartanhacks-backend/src/controllers/UserController.ts","statementMap":{"0":{"start":{"line":1,"column":0},"end":{"line":1,"column":34}},"1":{"start":{"line":9,"column":26},"end":{"line":13,"column":2}},"2":{"start":{"line":9,"column":66},"end":{"line":13,"column":2}},"3":{"start":{"line":10,"column":13},"end":{"line":10,"column":41}},"4":{"start":{"line":11,"column":15},"end":{"line":11,"column":38}},"5":{"start":{"line":12,"column":2},"end":{"line":12,"column":14}},"6":{"start":{"line":9,"column":13},"end":{"line":9,"column":26}}},"fnMap":{"0":{"name":"(anonymous_8)","decl":{"start":{"line":9,"column":26},"end":{"line":9,"column":33}},"loc":{"start":{"line":9,"column":66},"end":{"line":13,"column":2}}},"1":{"name":"(anonymous_9)","decl":{"start":{"line":9,"column":66},"end":{"line":9,"column":null}},"loc":{"start":{"line":9,"column":66},"end":{"line":13,"column":1}}}},"branchMap":{},"s":{"0":4,"1":4,"2":2,"3":2,"4":2,"5":2,"6":4},"f":{"0":2,"1":2},"b":{}}
,"/home/user/Personal/Projects/tartanhacks-backend/src/models/Settings.ts": {"path":"/home/user/Personal/Projects/tartanhacks-backend/src/models/Settings.ts","statementMap":{"0":{"start":{"line":1,"column":0},"end":{"line":1,"column":41}},"1":{"start":{"line":7,"column":36},"end":{"line":24,"column":null}},"2":{"start":{"line":27,"column":0},"end":{"line":27,"column":43}}},"fnMap":{},"branchMap":{},"s":{"0":4,"1":4,"2":4},"f":{},"b":{}}
,"/home/user/Personal/Projects/tartanhacks-backend/src/models/User.ts": {"path":"/home/user/Personal/Projects/tartanhacks-backend/src/models/User.ts","statementMap":{"0":{"start":{"line":1,"column":0},"end":{"line":1,"column":28}},"1":{"start":{"line":2,"column":0},"end":{"line":2,"column":31}},"2":{"start":{"line":3,"column":0},"end":{"line":3,"column":41}},"3":{"start":{"line":9,"column":30},"end":{"line":9,"column":34}},"4":{"start":{"line":10,"column":27},"end":{"line":10,"column":31}},"5":{"start":{"line":15,"column":28},"end":{"line":32,"column":null}},"6":{"start":{"line":39,"column":0},"end":{"line":41,"column":2}},"7":{"start":{"line":40,"column":2},"end":{"line":40,"column":53}},"8":{"start":{"line":46,"column":0},"end":{"line":50,"column":2}},"9":{"start":{"line":47,"column":2},"end":{"line":49,"column":5}},"10":{"start":{"line":55,"column":0},"end":{"line":59,"column":2}},"11":{"start":{"line":56,"column":2},"end":{"line":58,"column":5}},"12":{"start":{"line":64,"column":0},"end":{"line":68,"column":2}},"13":{"start":{"line":65,"column":2},"end":{"line":67,"column":5}},"14":{"start":{"line":74,"column":0},"end":{"line":76,"column":2}},"15":{"start":{"line":75,"column":2},"end":{"line":75,"column":58}},"16":{"start":{"line":83,"column":0},"end":{"line":86,"column":2}},"17":{"start":{"line":84,"column":20},"end":{"line":84,"column":70}},"18":{"start":{"line":85,"column":2},"end":{"line":85,"column":23}},"19":{"start":{"line":93,"column":0},"end":{"line":96,"column":2}},"20":{"start":{"line":94,"column":20},"end":{"line":94,"column":70}},"21":{"start":{"line":95,"column":2},"end":{"line":95,"column":23}},"22":{"start":{"line":103,"column":0},"end":{"line":106,"column":2}},"23":{"start":{"line":104,"column":20},"end":{"line":104,"column":70}},"24":{"start":{"line":105,"column":2},"end":{"line":105,"column":25}},"25":{"start":{"line":108,"column":0},"end":{"line":108,"column":54}}},"fnMap":{"0":{"name":"(anonymous_1)","decl":{"start":{"line":39,"column":29},"end":{"line":39,"column":39}},"loc":{"start":{"line":39,"column":55},"end":{"line":41,"column":1}}},"1":{"name":"(anonymous_2)","decl":{"start":{"line":46,"column":33},"end":{"line":46,"column":null}},"loc":{"start":{"line":46,"column":33},"end":{"line":50,"column":1}}},"2":{"name":"(anonymous_3)","decl":{"start":{"line":55,"column":42},"end":{"line":55,"column":null}},"loc":{"start":{"line":55,"column":42},"end":{"line":59,"column":1}}},"3":{"name":"(anonymous_4)","decl":{"start":{"line":64,"column":46},"end":{"line":64,"column":null}},"loc":{"start":{"line":64,"column":46},"end":{"line":68,"column":1}}},"4":{"name":"(anonymous_5)","decl":{"start":{"line":74,"column":28},"end":{"line":74,"column":29}},"loc":{"start":{"line":74,"column":57},"end":{"line":76,"column":1}}},"5":{"name":"(anonymous_6)","decl":{"start":{"line":83,"column":32},"end":{"line":83,"column":33}},"loc":{"start":{"line":83,"column":58},"end":{"line":86,"column":1}}},"6":{"name":"(anonymous_7)","decl":{"start":{"line":93,"column":41},"end":{"line":93,"column":42}},"loc":{"start":{"line":93,"column":67},"end":{"line":96,"column":1}}},"7":{"name":"(anonymous_8)","decl":{"start":{"line":103,"column":45},"end":{"line":103,"column":46}},"loc":{"start":{"line":103,"column":71},"end":{"line":106,"column":1}}}},"branchMap":{},"s":{"0":4,"1":4,"2":4,"3":4,"4":4,"5":4,"6":4,"7":3,"8":4,"9":7,"10":4,"11":1,"12":4,"13":1,"14":4,"15":5,"16":4,"17":3,"18":3,"19":4,"20":1,"21":1,"22":4,"23":1,"24":1,"25":4},"f":{"0":3,"1":7,"2":1,"3":1,"4":5,"5":3,"6":1,"7":1},"b":{}}
,"/home/user/Personal/Projects/tartanhacks-backend/src/routes/auth.ts": {"path":"/home/user/Personal/Projects/tartanhacks-backend/src/routes/auth.ts","statementMap":{"0":{"start":{"line":1,"column":0},"end":{"line":1,"column":42}},"1":{"start":{"line":2,"column":0},"end":{"line":2,"column":64}},"2":{"start":{"line":4,"column":23},"end":{"line":4,"column":39}},"3":{"start":{"line":6,"column":0},"end":{"line":6,"column":35}},"4":{"start":{"line":7,"column":0},"end":{"line":7,"column":29}},"5":{"start":{"line":9,"column":0},"end":{"line":9,"column":22}}},"fnMap":{},"branchMap":{},"s":{"0":4,"1":4,"2":4,"3":4,"4":4,"5":4},"f":{},"b":{}}
,"/home/user/Personal/Projects/tartanhacks-backend/src/routes/index.ts": {"path":"/home/user/Personal/Projects/tartanhacks-backend/src/routes/index.ts","statementMap":{"0":{"start":{"line":1,"column":0},"end":{"line":1,"column":30}},"1":{"start":{"line":2,"column":0},"end":{"line":2,"column":32}},"2":{"start":{"line":4,"column":15},"end":{"line":4,"column":31}},"3":{"start":{"line":5,"column":0},"end":{"line":5,"column":32}},"4":{"start":{"line":7,"column":0},"end":{"line":7,"column":22}}},"fnMap":{},"branchMap":{},"s":{"0":4,"1":4,"2":4,"3":4,"4":4},"f":{},"b":{}}
,"/home/user/Personal/Projects/tartanhacks-backend/src/util/error.ts": {"path":"/home/user/Personal/Projects/tartanhacks-backend/src/util/error.ts","statementMap":{"0":{"start":{"line":8,"column":19},"end":{"line":14,"column":1}},"1":{"start":{"line":9,"column":2},"end":{"line":13,"column":null}},"2":{"start":{"line":10,"column":4},"end":{"line":10,"column":40}},"3":{"start":{"line":12,"column":4},"end":{"line":12,"column":38}},"4":{"start":{"line":8,"column":13},"end":{"line":8,"column":19}},"5":{"start":{"line":21,"column":28},"end":{"line":27,"column":1}},"6":{"start":{"line":22,"column":2},"end":{"line":26,"column":null}},"7":{"start":{"line":23,"column":4},"end":{"line":23,"column":41}},"8":{"start":{"line":25,"column":4},"end":{"line":25,"column":38}},"9":{"start":{"line":21,"column":13},"end":{"line":21,"column":28}},"10":{"start":{"line":34,"column":21},"end":{"line":40,"column":1}},"11":{"start":{"line":35,"column":2},"end":{"line":39,"column":null}},"12":{"start":{"line":36,"column":4},"end":{"line":36,"column":50}},"13":{"start":{"line":38,"column":4},"end":{"line":38,"column":38}},"14":{"start":{"line":34,"column":13},"end":{"line":34,"column":21}}},"fnMap":{"0":{"name":"(anonymous_0)","decl":{"start":{"line":8,"column":19},"end":{"line":8,"column":20}},"loc":{"start":{"line":8,"column":61},"end":{"line":14,"column":1}}},"1":{"name":"(anonymous_1)","decl":{"start":{"line":21,"column":28},"end":{"line":21,"column":29}},"loc":{"start":{"line":21,"column":70},"end":{"line":27,"column":1}}},"2":{"name":"(anonymous_2)","decl":{"start":{"line":34,"column":21},"end":{"line":34,"column":22}},"loc":{"start":{"line":34,"column":63},"end":{"line":40,"column":1}}}},"branchMap":{"0":{"loc":{"start":{"line":9,"column":2},"end":{"line":13,"column":null}},"type":"if","locations":[{"start":{"line":9,"column":2},"end":{"line":13,"column":null}},{"start":{"line":9,"column":2},"end":{"line":13,"column":null}}]},"1":{"loc":{"start":{"line":22,"column":2},"end":{"line":26,"column":null}},"type":"if","locations":[{"start":{"line":22,"column":2},"end":{"line":26,"column":null}},{"start":{"line":22,"column":2},"end":{"line":26,"column":null}}]},"2":{"loc":{"start":{"line":35,"column":2},"end":{"line":39,"column":null}},"type":"if","locations":[{"start":{"line":35,"column":2},"end":{"line":39,"column":null}},{"start":{"line":35,"column":2},"end":{"line":39,"column":null}}]}},"s":{"0":4,"1":1,"2":0,"3":1,"4":4,"5":4,"6":0,"7":0,"8":0,"9":4,"10":4,"11":0,"12":0,"13":0,"14":4},"f":{"0":1,"1":0,"2":0},"b":{"0":[0,1],"1":[0,0],"2":[0,0]}}
,"/home/user/Personal/Projects/tartanhacks-backend/src/util/startup.ts": {"path":"/home/user/Personal/Projects/tartanhacks-backend/src/util/startup.ts","statementMap":{"0":{"start":{"line":4,"column":0},"end":{"line":4,"column":72}},"1":{"start":{"line":7,"column":23},"end":{"line":12,"column":2}},"2":{"start":{"line":7,"column":52},"end":{"line":12,"column":2}},"3":{"start":{"line":8,"column":2},"end":{"line":10,"column":null}},"4":{"start":{"line":9,"column":4},"end":{"line":9,"column":17}},"5":{"start":{"line":11,"column":2},"end":{"line":11,"column":45}},"6":{"start":{"line":7,"column":13},"end":{"line":7,"column":23}},"7":{"start":{"line":18,"column":32},"end":{"line":24,"column":1}},"8":{"start":{"line":19,"column":15},"end":{"line":19,"column":47}},"9":{"start":{"line":20,"column":2},"end":{"line":22,"column":null}},"10":{"start":{"line":21,"column":4},"end":{"line":21,"column":17}},"11":{"start":{"line":23,"column":2},"end":{"line":23,"column":14}},"12":{"start":{"line":18,"column":13},"end":{"line":18,"column":32}}},"fnMap":{"0":{"name":"(anonymous_13)","decl":{"start":{"line":7,"column":23},"end":{"line":7,"column":50}},"loc":{"start":{"line":7,"column":52},"end":{"line":12,"column":2}}},"1":{"name":"(anonymous_14)","decl":{"start":{"line":7,"column":52},"end":{"line":7,"column":null}},"loc":{"start":{"line":7,"column":52},"end":{"line":12,"column":1}}},"2":{"name":"(anonymous_15)","decl":{"start":{"line":18,"column":32},"end":{"line":18,"column":44}},"loc":{"start":{"line":18,"column":46},"end":{"line":24,"column":1}}}},"branchMap":{"0":{"loc":{"start":{"line":8,"column":2},"end":{"line":10,"column":null}},"type":"if","locations":[{"start":{"line":8,"column":2},"end":{"line":10,"column":null}},{"start":{"line":8,"column":2},"end":{"line":10,"column":null}}]},"1":{"loc":{"start":{"line":20,"column":2},"end":{"line":22,"column":null}},"type":"if","locations":[{"start":{"line":20,"column":2},"end":{"line":22,"column":null}},{"start":{"line":20,"column":2},"end":{"line":22,"column":null}}]},"2":{"loc":{"start":{"line":20,"column":6},"end":{"line":20,"column":17}},"type":"binary-expr","locations":[{"start":{"line":20,"column":6},"end":{"line":20,"column":17}},{"start":{"line":20,"column":21},"end":{"line":20,"column":33}}]}},"s":{"0":4,"1":4,"2":4,"3":4,"4":0,"5":4,"6":4,"7":4,"8":4,"9":4,"10":0,"11":4,"12":4},"f":{"0":4,"1":4,"2":4},"b":{"0":[0,4],"1":[0,4],"2":[4,4]}}
,"/home/user/Personal/Projects/tartanhacks-backend/tests/app.ts": {"path":"/home/user/Personal/Projects/tartanhacks-backend/tests/app.ts","statementMap":{"0":{"start":{"line":1,"column":0},"end":{"line":1,"column":28}},"1":{"start":{"line":2,"column":0},"end":{"line":2,"column":43}},"2":{"start":{"line":3,"column":0},"end":{"line":3,"column":59}},"3":{"start":{"line":4,"column":0},"end":{"line":4,"column":32}},"4":{"start":{"line":5,"column":0},"end":{"line":5,"column":35}},"5":{"start":{"line":6,"column":0},"end":{"line":6,"column":46}},"6":{"start":{"line":11,"column":22},"end":{"line":26,"column":1}},"7":{"start":{"line":12,"column":14},"end":{"line":12,"column":23}},"8":{"start":{"line":13,"column":2},"end":{"line":17,"column":4}},"9":{"start":{"line":18,"column":2},"end":{"line":23,"column":4}},"10":{"start":{"line":24,"column":2},"end":{"line":24,"column":23}},"11":{"start":{"line":25,"column":2},"end":{"line":25,"column":13}},"12":{"start":{"line":11,"column":13},"end":{"line":11,"column":22}},"13":{"start":{"line":31,"column":21},"end":{"line":46,"column":2}},"14":{"start":{"line":31,"column":47},"end":{"line":46,"column":2}},"15":{"start":{"line":33,"column":2},"end":{"line":33,"column":18}},"16":{"start":{"line":36,"column":17},"end":{"line":36,"column":40}},"17":{"start":{"line":37,"column":14},"end":{"line":37,"column":35}},"18":{"start":{"line":38,"column":2},"end":{"line":41,"column":5}},"19":{"start":{"line":43,"column":3},"end":{"line":43,"column":34}},"20":{"start":{"line":45,"column":2},"end":{"line":45,"column":18}},"21":{"start":{"line":31,"column":13},"end":{"line":31,"column":21}},"22":{"start":{"line":51,"column":24},"end":{"line":54,"column":2}},"23":{"start":{"line":51,"column":50},"end":{"line":54,"column":2}},"24":{"start":{"line":52,"column":2},"end":{"line":52,"column":30}},"25":{"start":{"line":53,"column":2},"end":{"line":53,"column":38}},"26":{"start":{"line":51,"column":13},"end":{"line":51,"column":24}}},"fnMap":{"0":{"name":"(anonymous_8)","decl":{"start":{"line":11,"column":22},"end":{"line":11,"column":34}},"loc":{"start":{"line":11,"column":36},"end":{"line":26,"column":1}}},"1":{"name":"(anonymous_9)","decl":{"start":{"line":31,"column":21},"end":{"line":31,"column":45}},"loc":{"start":{"line":31,"column":47},"end":{"line":46,"column":2}}},"2":{"name":"(anonymous_10)","decl":{"start":{"line":31,"column":47},"end":{"line":31,"column":null}},"loc":{"start":{"line":31,"column":47},"end":{"line":46,"column":1}}},"3":{"name":"(anonymous_11)","decl":{"start":{"line":51,"column":24},"end":{"line":51,"column":48}},"loc":{"start":{"line":51,"column":50},"end":{"line":54,"column":2}}},"4":{"name":"(anonymous_12)","decl":{"start":{"line":51,"column":50},"end":{"line":51,"column":null}},"loc":{"start":{"line":51,"column":50},"end":{"line":54,"column":1}}}},"branchMap":{},"s":{"0":4,"1":4,"2":4,"3":4,"4":4,"5":4,"6":4,"7":1,"8":1,"9":1,"10":1,"11":1,"12":4,"13":4,"14":4,"15":4,"16":4,"17":4,"18":4,"19":4,"20":4,"21":4,"22":4,"23":4,"24":4,"25":4,"26":4},"f":{"0":1,"1":4,"2":4,"3":4,"4":4},"b":{}}
}
