TN:
SF:src/controllers/AuthController.ts
FN:13,(anonymous_8)
FN:13,(anonymous_9)
FN:46,(anonymous_10)
FN:46,(anonymous_11)
FNF:4
FNH:4
FNDA:5,(anonymous_8)
FNDA:5,(anonymous_9)
FNDA:2,(anonymous_10)
FNDA:2,(anonymous_11)
DA:5,4
DA:6,4
DA:7,4
DA:8,4
DA:13,5
DA:14,5
DA:16,5
DA:17,5
DA:18,0
DA:21,5
DA:22,0
DA:25,5
DA:26,5
DA:27,1
DA:30,4
DA:31,4
DA:32,4
DA:34,4
DA:35,4
DA:36,4
DA:37,4
DA:46,4
DA:47,2
DA:48,2
DA:50,2
DA:52,1
DA:53,1
DA:54,1
DA:55,0
DA:57,1
DA:58,1
DA:59,1
DA:64,0
DA:68,1
DA:69,0
DA:71,1
DA:72,1
DA:73,1
DA:74,0
DA:76,1
DA:77,0
DA:80,1
DA:81,1
DA:82,1
DA:83,1
DA:87,0
LF:46
LH:38
BRDA:17,0,0,0
BRDA:17,0,1,5
BRDA:21,1,0,0
BRDA:21,1,1,5
BRDA:21,2,0,5
BRDA:21,2,1,5
BRDA:26,3,0,1
BRDA:26,3,1,4
BRDA:50,4,0,1
BRDA:50,4,1,1
BRDA:54,5,0,0
BRDA:54,5,1,1
BRDA:68,6,0,0
BRDA:68,6,1,1
BRDA:68,7,0,1
BRDA:68,7,1,1
BRDA:73,8,0,0
BRDA:73,8,1,1
BRDA:76,9,0,0
BRDA:76,9,1,1
BRF:20
BRH:14
end_of_record
TN:
SF:src/controllers/SettingsController.ts
FN:12,(anonymous_8)
FN:12,(anonymous_9)
FN:25,(anonymous_10)
FN:25,(anonymous_11)
FN:32,(anonymous_12)
FN:32,(anonymous_13)
FN:44,(anonymous_14)
FN:44,(anonymous_15)
FN:57,(anonymous_16)
FN:57,(anonymous_17)
FNF:10
FNH:6
FNDA:0,(anonymous_8)
FNDA:0,(anonymous_9)
FNDA:10,(anonymous_10)
FNDA:10,(anonymous_11)
FNDA:5,(anonymous_12)
FNDA:5,(anonymous_13)
FNDA:0,(anonymous_14)
FNDA:0,(anonymous_15)
FNDA:4,(anonymous_16)
FNDA:4,(anonymous_17)
DA:5,4
DA:6,4
DA:12,4
DA:13,0
DA:25,10
DA:26,10
DA:32,5
DA:33,5
DA:34,5
DA:35,5
DA:36,5
DA:37,5
DA:38,5
DA:44,4
DA:45,0
DA:46,0
DA:47,0
DA:48,0
DA:49,0
DA:50,0
DA:57,4
DA:58,4
DA:59,4
DA:60,0
DA:66,4
DA:67,4
DA:68,36
DA:69,36
DA:70,36
DA:74,4
DA:75,4
DA:76,4
LF:32
LH:24
BRDA:36,0,0,5
BRDA:36,0,1,0
BRDA:37,1,0,5
BRDA:37,1,1,5
BRDA:38,2,0,5
BRDA:38,2,1,5
BRDA:48,3,0,0
BRDA:48,3,1,0
BRDA:49,4,0,0
BRDA:49,4,1,0
BRDA:50,5,0,0
BRDA:50,5,1,0
BRDA:59,6,0,0
BRDA:59,6,1,4
BRF:14
BRH:6
end_of_record
TN:
SF:src/controllers/UserController.ts
FN:9,(anonymous_8)
FN:9,(anonymous_9)
FNF:2
FNH:2
FNDA:2,(anonymous_8)
FNDA:2,(anonymous_9)
DA:1,4
DA:9,4
DA:10,2
DA:11,2
DA:12,2
LF:5
LH:5
BRF:0
BRH:0
end_of_record
TN:
SF:src/models/Settings.ts
FNF:0
FNH:0
DA:1,4
DA:7,4
DA:27,4
LF:3
LH:3
BRF:0
BRH:0
end_of_record
TN:
SF:src/models/User.ts
FN:39,(anonymous_1)
FN:46,(anonymous_2)
FN:55,(anonymous_3)
FN:64,(anonymous_4)
FN:74,(anonymous_5)
FN:83,(anonymous_6)
FN:93,(anonymous_7)
FN:103,(anonymous_8)
FNF:8
FNH:8
FNDA:3,(anonymous_1)
FNDA:7,(anonymous_2)
FNDA:1,(anonymous_3)
FNDA:1,(anonymous_4)
FNDA:5,(anonymous_5)
FNDA:3,(anonymous_6)
FNDA:1,(anonymous_7)
FNDA:1,(anonymous_8)
DA:1,4
DA:2,4
DA:3,4
DA:9,4
DA:10,4
DA:15,4
DA:39,4
DA:40,3
DA:46,4
DA:47,7
DA:55,4
DA:56,1
DA:64,4
DA:65,1
DA:74,4
DA:75,5
DA:83,4
DA:84,3
DA:85,3
DA:93,4
DA:94,1
DA:95,1
DA:103,4
DA:104,1
DA:105,1
DA:108,4
LF:26
LH:26
BRF:0
BRH:0
end_of_record
TN:
SF:src/routes/auth.ts
FNF:0
FNH:0
DA:1,4
DA:2,4
DA:4,4
DA:6,4
DA:7,4
DA:9,4
LF:6
LH:6
BRF:0
BRH:0
end_of_record
TN:
SF:src/routes/index.ts
FNF:0
FNH:0
DA:1,4
DA:2,4
DA:4,4
DA:5,4
DA:7,4
LF:5
LH:5
BRF:0
BRH:0
end_of_record
TN:
SF:src/util/error.ts
FN:8,(anonymous_0)
FN:21,(anonymous_1)
FN:34,(anonymous_2)
FNF:3
FNH:1
FNDA:1,(anonymous_0)
FNDA:0,(anonymous_1)
FNDA:0,(anonymous_2)
DA:8,4
DA:9,1
DA:10,0
DA:12,1
DA:21,4
DA:22,0
DA:23,0
DA:25,0
DA:34,4
DA:35,0
DA:36,0
DA:38,0
LF:12
LH:5
BRDA:9,0,0,0
BRDA:9,0,1,1
BRDA:22,1,0,0
BRDA:22,1,1,0
BRDA:35,2,0,0
BRDA:35,2,1,0
BRF:6
BRH:1
end_of_record
TN:
SF:src/util/startup.ts
FN:7,(anonymous_13)
FN:7,(anonymous_14)
FN:18,(anonymous_15)
FNF:3
FNH:3
FNDA:4,(anonymous_13)
FNDA:4,(anonymous_14)
FNDA:4,(anonymous_15)
DA:4,4
DA:7,4
DA:8,4
DA:9,0
DA:11,4
DA:18,4
DA:19,4
DA:20,4
DA:21,0
DA:23,4
LF:10
LH:8
BRDA:8,0,0,0
BRDA:8,0,1,4
BRDA:20,1,0,0
BRDA:20,1,1,4
BRDA:20,2,0,4
BRDA:20,2,1,4
BRF:6
BRH:4
end_of_record
TN:
SF:tests/app.ts
FN:11,(anonymous_8)
FN:31,(anonymous_9)
FN:31,(anonymous_10)
FN:51,(anonymous_11)
FN:51,(anonymous_12)
FNF:5
FNH:5
FNDA:1,(anonymous_8)
FNDA:4,(anonymous_9)
FNDA:4,(anonymous_10)
FNDA:4,(anonymous_11)
FNDA:4,(anonymous_12)
DA:1,4
DA:2,4
DA:3,4
DA:4,4
DA:5,4
DA:6,4
DA:11,4
DA:12,1
DA:13,1
DA:18,1
DA:24,1
DA:25,1
DA:31,4
DA:33,4
DA:36,4
DA:37,4
DA:38,4
DA:43,4
DA:45,4
DA:51,4
DA:52,4
DA:53,4
LF:22
LH:22
BRF:0
BRH:0
end_of_record
